<?xml version="1.0" encoding="UTF-8"?>
<!-- Generated by org.testng.reporters.JUnitReportReporter -->
<testsuite hostname="DESKTOP-MTCM5KV" failures="0" tests="1" name="package1.HMS2Test" time="0.025" errors="0" timestamp="2023-06-06T09:19:13 IST" skipped="0">
  <testcase classname="package1.HMS2Test" name="HMS2" time="0.025"/>
  <system-out/>
</testsuite> <!-- package1.HMS2Test -->
